<?xml version="1.0" encoding="UTF-8"?>
<testng-results skipped="0" failed="0" total="1" passed="1">
  <reporter-output>
  </reporter-output>
  <suite name="Surefire suite" duration-ms="22559" started-at="2018-07-21T16:34:09Z" finished-at="2018-07-21T16:34:32Z">
    <groups>
      <group name="cucumber">
        <method signature="AbstractTestNGCucumberTests.feature(cucumber.api.testng.CucumberFeatureWrapper)[pri:0, instance:Runner.TestRunner@60addb54]" name="feature" class="cucumber.api.testng.AbstractTestNGCucumberTests"/>
      </group> <!-- cucumber -->
    </groups>
    <test name="Surefire test" duration-ms="22559" started-at="2018-07-21T16:34:09Z" finished-at="2018-07-21T16:34:32Z">
      <class name="Runner.TestRunner">
        <test-method status="PASS" signature="setUpClass()[pri:0, instance:Runner.TestRunner@60addb54]" name="setUpClass" is-config="true" duration-ms="328" started-at="2018-07-21T11:34:09Z" finished-at="2018-07-21T11:34:10Z">
          <reporter-output>
          </reporter-output>
        </test-method> <!-- setUpClass -->
        <test-method status="PASS" signature="feature(cucumber.api.testng.CucumberFeatureWrapper)[pri:0, instance:Runner.TestRunner@60addb54]" name="feature" duration-ms="21949" started-at="2018-07-21T11:34:10Z" description="Runs Cucumber Feature" data-provider="features" finished-at="2018-07-21T11:34:32Z">
          <params>
            <param index="0">
              <value>
                <![CDATA[Login test validation]]>
              </value>
            </param>
          </params>
          <reporter-output>
          </reporter-output>
        </test-method> <!-- feature -->
        <test-method status="PASS" signature="tearDownClass()[pri:0, instance:Runner.TestRunner@60addb54]" name="tearDownClass" is-config="true" duration-ms="172" started-at="2018-07-21T11:34:32Z" finished-at="2018-07-21T11:34:32Z">
          <reporter-output>
          </reporter-output>
        </test-method> <!-- tearDownClass -->
      </class> <!-- Runner.TestRunner -->
    </test> <!-- Surefire test -->
  </suite> <!-- Surefire suite -->
</testng-results>
